<?xml version="1.0" encoding="UTF-8"?>
<testng-results ignored="0" total="1" passed="1" failed="0" skipped="0">
  <reporter-output>
  </reporter-output>
  <suite started-at="2026-06-20T10:59:10 IST" name="Suite1" finished-at="2026-06-20T10:59:28 IST" duration-ms="18460">
    <groups>
    </groups>
    <test started-at="2026-06-20T10:59:10 IST" name="Selenium tests" finished-at="2026-06-20T10:59:28 IST" duration-ms="18460">
      <class name="tests.LoginTest">
        <test-method signature="loginTest()[pri:0, instance:tests.LoginTest@59fd97a8]" started-at="2026-06-20T10:59:10 IST" name="loginTest" finished-at="2026-06-20T10:59:28 IST" duration-ms="18397" status="PASS">
          <reporter-output>
          </reporter-output>
        </test-method> <!-- loginTest -->
      </class> <!-- tests.LoginTest -->
    </test> <!-- Selenium tests -->
  </suite> <!-- Suite1 -->
</testng-results>
